{"level":"info","message":"Server running on port 3000","timestamp":"2025-01-28T08:41:32.314Z"}
{"level":"info","message":"Environment:","timestamp":"2025-01-28T08:41:32.317Z"}
{"level":"info","message":"Table agency initialized successfully","timestamp":"2025-01-28T08:41:32.497Z"}
{"level":"info","message":"Table route initialized successfully","timestamp":"2025-01-28T08:41:32.498Z"}
{"level":"info","message":"Table stop initialized successfully","timestamp":"2025-01-28T08:41:32.499Z"}
{"level":"info","message":"Table trip initialized successfully","timestamp":"2025-01-28T08:41:32.500Z"}
{"code":"ER_CANT_CREATE_TABLE","errno":1005,"level":"error","message":"Error initializing tables: Can't create table `kaposvar`.`stop_time` (errno: 150 \"Foreign key constraint is incorrectly formed\")","sql":"\n        CREATE TABLE IF NOT EXISTS stop_time (\n            id INT AUTO_INCREMENT PRIMARY KEY,\n            trip_id INT NOT NULL,\n            arrival_time TIME,\n            departure_time TIME,\n            stop_id INT NOT NULL,\n            stop_sequence INT NOT NULL,\n            stop_headsign VARCHAR(255),\n            pickup_type INT DEFAULT 0,\n            drop_off_type INT DEFAULT 0,\n            shape_dist_traveled FLOAT,\n            timepoint BOOLEAN DEFAULT true,\n            created_at TIMESTAMP DEFAULT CURRENT_TIMESTAMP,\n            updated_at TIMESTAMP DEFAULT CURRENT_TIMESTAMP ON UPDATE CURRENT_TIMESTAMP,\n            FOREIGN KEY (trip_id) REFERENCES trip(id),\n            FOREIGN KEY (stop_id) REFERENCES stop(id)\n        )\n    ","sqlMessage":"Can't create table `kaposvar`.`stop_time` (errno: 150 \"Foreign key constraint is incorrectly formed\")","sqlState":"HY000","stack":"Error: Can't create table `kaposvar`.`stop_time` (errno: 150 \"Foreign key constraint is incorrectly formed\")\n    at PromisePool.query (C:\\xampp\\htdocs\\kkzrt\\backend\\node_modules\\mysql2\\lib\\promise\\pool.js:36:22)\n    at initializeTables (C:\\xampp\\htdocs\\kkzrt\\backend\\server.js:307:24)\n    at processTicksAndRejections (node:internal/process/task_queues:96:5)","timestamp":"2025-01-28T08:41:32.550Z"}
{"level":"info","message":"Server running on port 3000","timestamp":"2025-01-28T08:42:31.253Z"}
{"level":"info","message":"Environment:","timestamp":"2025-01-28T08:42:31.256Z"}
{"level":"info","message":"Table agency initialized successfully","timestamp":"2025-01-28T08:42:31.271Z"}
{"level":"info","message":"Table stop initialized successfully","timestamp":"2025-01-28T08:42:31.272Z"}
{"level":"info","message":"Table route initialized successfully","timestamp":"2025-01-28T08:42:31.273Z"}
{"level":"info","message":"Table trip initialized successfully","timestamp":"2025-01-28T08:42:31.274Z"}
{"code":"ER_CANT_CREATE_TABLE","errno":1005,"level":"error","message":"Error initializing tables: Can't create table `kaposvar`.`stop_time` (errno: 150 \"Foreign key constraint is incorrectly formed\")","sql":"\n        CREATE TABLE IF NOT EXISTS stop_time (\n            id INT AUTO_INCREMENT PRIMARY KEY,\n            trip_id INT NOT NULL,\n            arrival_time TIME,\n            departure_time TIME,\n            stop_id INT NOT NULL,\n            stop_sequence INT NOT NULL,\n            stop_headsign VARCHAR(255),\n            pickup_type INT DEFAULT 0,\n            drop_off_type INT DEFAULT 0,\n            shape_dist_traveled FLOAT,\n            timepoint BOOLEAN DEFAULT true,\n            created_at TIMESTAMP DEFAULT CURRENT_TIMESTAMP,\n            updated_at TIMESTAMP DEFAULT CURRENT_TIMESTAMP ON UPDATE CURRENT_TIMESTAMP,\n            FOREIGN KEY (trip_id) REFERENCES trip(id),\n            FOREIGN KEY (stop_id) REFERENCES stop(id)\n        )\n    ","sqlMessage":"Can't create table `kaposvar`.`stop_time` (errno: 150 \"Foreign key constraint is incorrectly formed\")","sqlState":"HY000","stack":"Error: Can't create table `kaposvar`.`stop_time` (errno: 150 \"Foreign key constraint is incorrectly formed\")\n    at PromisePool.query (C:\\xampp\\htdocs\\kkzrt\\backend\\node_modules\\mysql2\\lib\\promise\\pool.js:36:22)\n    at initializeTables (C:\\xampp\\htdocs\\kkzrt\\backend\\server.js:322:20)\n    at processTicksAndRejections (node:internal/process/task_queues:96:5)","timestamp":"2025-01-28T08:42:31.326Z"}
{"level":"info","message":"Server running on port 3000","timestamp":"2025-01-28T08:43:03.945Z"}
{"level":"info","message":"Environment:","timestamp":"2025-01-28T08:43:03.947Z"}
{"level":"info","message":"Table agency initialized successfully","timestamp":"2025-01-28T08:43:03.961Z"}
{"level":"info","message":"Table stop initialized successfully","timestamp":"2025-01-28T08:43:03.963Z"}
{"level":"info","message":"Table route initialized successfully","timestamp":"2025-01-28T08:43:03.964Z"}
{"level":"info","message":"Table trip initialized successfully","timestamp":"2025-01-28T08:43:03.965Z"}
{"code":"ER_CANT_CREATE_TABLE","errno":1005,"level":"error","message":"Error initializing tables: Can't create table `kaposvar`.`stop_time` (errno: 150 \"Foreign key constraint is incorrectly formed\")","sql":"\n        CREATE TABLE IF NOT EXISTS stop_time (\n            id INT AUTO_INCREMENT PRIMARY KEY,\n            trip_id INT NOT NULL,\n            arrival_time TIME,\n            departure_time TIME,\n            stop_id INT NOT NULL,\n            stop_sequence INT NOT NULL,\n            stop_headsign VARCHAR(255),\n            pickup_type INT DEFAULT 0,\n            drop_off_type INT DEFAULT 0,\n            shape_dist_traveled FLOAT,\n            timepoint BOOLEAN DEFAULT true,\n            created_at TIMESTAMP DEFAULT CURRENT_TIMESTAMP,\n            updated_at TIMESTAMP DEFAULT CURRENT_TIMESTAMP ON UPDATE CURRENT_TIMESTAMP,\n            FOREIGN KEY (trip_id) REFERENCES trip(id),\n            FOREIGN KEY (stop_id) REFERENCES stop(id)\n        )\n    ","sqlMessage":"Can't create table `kaposvar`.`stop_time` (errno: 150 \"Foreign key constraint is incorrectly formed\")","sqlState":"HY000","stack":"Error: Can't create table `kaposvar`.`stop_time` (errno: 150 \"Foreign key constraint is incorrectly formed\")\n    at PromisePool.query (C:\\xampp\\htdocs\\kkzrt\\backend\\node_modules\\mysql2\\lib\\promise\\pool.js:36:22)\n    at initializeTables (C:\\xampp\\htdocs\\kkzrt\\backend\\server.js:322:20)\n    at processTicksAndRejections (node:internal/process/task_queues:96:5)","timestamp":"2025-01-28T08:43:04.008Z"}
{"level":"info","message":"Server running on port 3000","timestamp":"2025-01-28T08:55:04.161Z"}
{"level":"info","message":"Environment:","timestamp":"2025-01-28T08:55:04.164Z"}
{"level":"info","message":"Table agency initialized successfully","timestamp":"2025-01-28T08:55:04.178Z"}
{"level":"info","message":"Table stop initialized successfully","timestamp":"2025-01-28T08:55:04.179Z"}
{"level":"info","message":"Table route initialized successfully","timestamp":"2025-01-28T08:55:04.180Z"}
{"level":"info","message":"Table trip initialized successfully","timestamp":"2025-01-28T08:55:04.181Z"}
{"level":"info","message":"Table stop_time initialized successfully","timestamp":"2025-01-28T08:55:04.182Z"}
{"code":"ER_CANT_CREATE_TABLE","errno":1005,"level":"error","message":"Error initializing tables: Can't create table `kaposvar`.`fare_rule` (errno: 150 \"Foreign key constraint is incorrectly formed\")","sql":"\n        CREATE TABLE IF NOT EXISTS fare_rule (\n            id INT AUTO_INCREMENT PRIMARY KEY,\n            fare_id VARCHAR(50) NOT NULL,\n            route_id INT,\n            origin_id VARCHAR(50),\n            destination_id VARCHAR(50),\n            contains_id VARCHAR(50),\n            created_at TIMESTAMP DEFAULT CURRENT_TIMESTAMP,\n            updated_at TIMESTAMP DEFAULT CURRENT_TIMESTAMP ON UPDATE CURRENT_TIMESTAMP,\n            FOREIGN KEY (route_id) REFERENCES route(id)\n        )\n    ","sqlMessage":"Can't create table `kaposvar`.`fare_rule` (errno: 150 \"Foreign key constraint is incorrectly formed\")","sqlState":"HY000","stack":"Error: Can't create table `kaposvar`.`fare_rule` (errno: 150 \"Foreign key constraint is incorrectly formed\")\n    at PromisePool.query (C:\\xampp\\htdocs\\kkzrt\\backend\\node_modules\\mysql2\\lib\\promise\\pool.js:36:22)\n    at initializeTables (C:\\xampp\\htdocs\\kkzrt\\backend\\server.js:329:20)\n    at processTicksAndRejections (node:internal/process/task_queues:96:5)","timestamp":"2025-01-28T08:55:04.313Z"}
{"level":"info","message":"Server running on port 3000","timestamp":"2025-01-28T08:56:59.799Z"}
{"level":"info","message":"Environment:","timestamp":"2025-01-28T08:56:59.802Z"}
{"level":"info","message":"Table agency initialized successfully","timestamp":"2025-01-28T08:56:59.816Z"}
{"level":"info","message":"Table stop initialized successfully","timestamp":"2025-01-28T08:56:59.817Z"}
{"level":"info","message":"Table route initialized successfully","timestamp":"2025-01-28T08:56:59.818Z"}
{"level":"info","message":"Table trip initialized successfully","timestamp":"2025-01-28T08:56:59.819Z"}
{"level":"info","message":"Table stop_time initialized successfully","timestamp":"2025-01-28T08:56:59.820Z"}
{"code":"ER_CANT_CREATE_TABLE","errno":1005,"level":"error","message":"Error initializing tables: Can't create table `kaposvar`.`frequency` (errno: 150 \"Foreign key constraint is incorrectly formed\")","sql":"\n        CREATE TABLE IF NOT EXISTS frequency (\n            id INT AUTO_INCREMENT PRIMARY KEY,\n            trip_id INT NOT NULL,\n            start_time TIME NOT NULL,\n            end_time TIME NOT NULL,\n            headway_secs INT NOT NULL,\n            exact_times BOOLEAN DEFAULT false,\n            created_at TIMESTAMP DEFAULT CURRENT_TIMESTAMP,\n            updated_at TIMESTAMP DEFAULT CURRENT_TIMESTAMP ON UPDATE CURRENT_TIMESTAMP,\n            FOREIGN KEY (trip_id) REFERENCES trip(id)\n        )\n    ","sqlMessage":"Can't create table `kaposvar`.`frequency` (errno: 150 \"Foreign key constraint is incorrectly formed\")","sqlState":"HY000","stack":"Error: Can't create table `kaposvar`.`frequency` (errno: 150 \"Foreign key constraint is incorrectly formed\")\n    at PromisePool.query (C:\\xampp\\htdocs\\kkzrt\\backend\\node_modules\\mysql2\\lib\\promise\\pool.js:36:22)\n    at initializeTables (C:\\xampp\\htdocs\\kkzrt\\backend\\server.js:331:20)\n    at processTicksAndRejections (node:internal/process/task_queues:96:5)","timestamp":"2025-01-28T08:56:59.861Z"}
{"level":"info","message":"Server running on port 3000","timestamp":"2025-01-28T09:13:13.266Z"}
{"level":"info","message":"Environment:","timestamp":"2025-01-28T09:13:13.268Z"}
{"level":"info","message":"Table agency initialized successfully","timestamp":"2025-01-28T09:13:13.457Z"}
{"level":"info","message":"Table stop initialized successfully","timestamp":"2025-01-28T09:13:13.459Z"}
{"level":"info","message":"Table route initialized successfully","timestamp":"2025-01-28T09:13:13.465Z"}
{"level":"info","message":"Table trip initialized successfully","timestamp":"2025-01-28T09:13:13.467Z"}
{"level":"info","message":"Table stop_time initialized successfully","timestamp":"2025-01-28T09:13:13.470Z"}
{"code":"ER_CANT_CREATE_TABLE","errno":1005,"level":"error","message":"Error initializing tables: Can't create table `kaposvar`.`transfer` (errno: 150 \"Foreign key constraint is incorrectly formed\")","sql":"\n        CREATE TABLE IF NOT EXISTS transfer (\n            id INT AUTO_INCREMENT PRIMARY KEY,\n            from_stop_id INT NOT NULL,\n            to_stop_id INT NOT NULL,\n            transfer_type INT NOT NULL,\n            min_transfer_time INT,\n            created_at TIMESTAMP DEFAULT CURRENT_TIMESTAMP,\n            updated_at TIMESTAMP DEFAULT CURRENT_TIMESTAMP ON UPDATE CURRENT_TIMESTAMP,\n            FOREIGN KEY (from_stop_id) REFERENCES stop(id),\n            FOREIGN KEY (to_stop_id) REFERENCES stop(id)\n        )\n    ","sqlMessage":"Can't create table `kaposvar`.`transfer` (errno: 150 \"Foreign key constraint is incorrectly formed\")","sqlState":"HY000","stack":"Error: Can't create table `kaposvar`.`transfer` (errno: 150 \"Foreign key constraint is incorrectly formed\")\n    at PromisePool.query (C:\\xampp\\htdocs\\kkzrt\\backend\\node_modules\\mysql2\\lib\\promise\\pool.js:36:22)\n    at initializeTables (C:\\xampp\\htdocs\\kkzrt\\backend\\server.js:332:20)\n    at processTicksAndRejections (node:internal/process/task_queues:96:5)","timestamp":"2025-01-28T09:13:13.508Z"}
{"level":"info","message":"Server running on port 3000","timestamp":"2025-01-28T09:14:54.972Z"}
{"level":"info","message":"Environment:","timestamp":"2025-01-28T09:14:54.974Z"}
{"level":"info","message":"Table agency initialized successfully","timestamp":"2025-01-28T09:14:54.989Z"}
{"level":"info","message":"Table stop initialized successfully","timestamp":"2025-01-28T09:14:54.990Z"}
{"level":"info","message":"Table route initialized successfully","timestamp":"2025-01-28T09:14:54.991Z"}
{"level":"info","message":"Table trip initialized successfully","timestamp":"2025-01-28T09:14:54.992Z"}
{"level":"info","message":"Table stop_time initialized successfully","timestamp":"2025-01-28T09:14:54.993Z"}
{"code":"ER_CANT_CREATE_TABLE","errno":1005,"level":"error","message":"Error initializing tables: Can't create table `kaposvar`.`pathway` (errno: 150 \"Foreign key constraint is incorrectly formed\")","sql":"\n        CREATE TABLE IF NOT EXISTS pathway (\n            id INT AUTO_INCREMENT PRIMARY KEY,\n            from_stop_id INT NOT NULL,\n            to_stop_id INT NOT NULL,\n            pathway_mode INT NOT NULL,\n            is_bidirectional BOOLEAN DEFAULT true,\n            length FLOAT,\n            traversal_time INT,\n            stair_count INT,\n            max_slope FLOAT,\n            min_width FLOAT,\n            signposted_as VARCHAR(255),\n            reversed_signposted_as VARCHAR(255),\n            created_at TIMESTAMP DEFAULT CURRENT_TIMESTAMP,\n            updated_at TIMESTAMP DEFAULT CURRENT_TIMESTAMP ON UPDATE CURRENT_TIMESTAMP,\n            FOREIGN KEY (from_stop_id) REFERENCES stop(id),\n            FOREIGN KEY (to_stop_id) REFERENCES stop(id)\n        )\n    ","sqlMessage":"Can't create table `kaposvar`.`pathway` (errno: 150 \"Foreign key constraint is incorrectly formed\")","sqlState":"HY000","stack":"Error: Can't create table `kaposvar`.`pathway` (errno: 150 \"Foreign key constraint is incorrectly formed\")\n    at PromisePool.query (C:\\xampp\\htdocs\\kkzrt\\backend\\node_modules\\mysql2\\lib\\promise\\pool.js:36:22)\n    at initializeTables (C:\\xampp\\htdocs\\kkzrt\\backend\\server.js:333:20)\n    at processTicksAndRejections (node:internal/process/task_queues:96:5)","timestamp":"2025-01-28T09:14:55.039Z"}
{"level":"info","message":"Server running on port 3000","timestamp":"2025-01-28T09:16:07.366Z"}
{"level":"info","message":"Environment:","timestamp":"2025-01-28T09:16:07.369Z"}
{"level":"info","message":"Table agency initialized successfully","timestamp":"2025-01-28T09:16:07.383Z"}
{"level":"info","message":"Table stop initialized successfully","timestamp":"2025-01-28T09:16:07.385Z"}
{"level":"info","message":"Table route initialized successfully","timestamp":"2025-01-28T09:16:07.385Z"}
{"level":"info","message":"Table trip initialized successfully","timestamp":"2025-01-28T09:16:07.386Z"}
{"level":"info","message":"Table stop_time initialized successfully","timestamp":"2025-01-28T09:16:07.387Z"}
{"level":"info","message":"All tables initialized successfully","timestamp":"2025-01-28T09:16:07.390Z"}
{"level":"info","message":"Server running on port 3000","timestamp":"2025-01-28T09:34:29.547Z"}
{"level":"info","message":"Environment:","timestamp":"2025-01-28T09:34:29.549Z"}
{"level":"info","message":"Table agency initialized successfully","timestamp":"2025-01-28T09:34:29.564Z"}
{"level":"info","message":"Table stop initialized successfully","timestamp":"2025-01-28T09:34:29.564Z"}
{"level":"info","message":"Table route initialized successfully","timestamp":"2025-01-28T09:34:29.565Z"}
{"level":"info","message":"Table trip initialized successfully","timestamp":"2025-01-28T09:34:29.566Z"}
{"level":"info","message":"Table stop_time initialized successfully","timestamp":"2025-01-28T09:34:29.567Z"}
{"level":"info","message":"All tables initialized successfully","timestamp":"2025-01-28T09:34:29.570Z"}
{"level":"info","message":"Server running on port 3000","timestamp":"2025-01-28T09:42:29.694Z"}
{"level":"info","message":"Environment:","timestamp":"2025-01-28T09:42:29.697Z"}
{"level":"info","message":"Table agency initialized successfully","timestamp":"2025-01-28T09:42:29.712Z"}
{"level":"info","message":"Table stop initialized successfully","timestamp":"2025-01-28T09:42:29.713Z"}
{"level":"info","message":"Table route initialized successfully","timestamp":"2025-01-28T09:42:29.714Z"}
{"level":"info","message":"Table trip initialized successfully","timestamp":"2025-01-28T09:42:29.715Z"}
{"level":"info","message":"Table stop_time initialized successfully","timestamp":"2025-01-28T09:42:29.716Z"}
{"level":"info","message":"All tables initialized successfully","timestamp":"2025-01-28T09:42:29.719Z"}
{"level":"error","message":"Database query error: The client is closed","stack":"Error: The client is closed\n    at Commander._RedisClient_sendCommand (C:\\xampp\\htdocs\\kkzrt\\backend\\node_modules\\@redis\\client\\dist\\lib\\client\\index.js:520:31)\n    at Commander.commandsExecutor (C:\\xampp\\htdocs\\kkzrt\\backend\\node_modules\\@redis\\client\\dist\\lib\\client\\index.js:190:154)\n    at Commander.BaseClass.<computed> [as get] (C:\\xampp\\htdocs\\kkzrt\\backend\\node_modules\\@redis\\client\\dist\\lib\\commander.js:8:29)\n    at C:\\xampp\\htdocs\\kkzrt\\backend\\server.js:562:52\n    at Layer.handle [as handle_request] (C:\\xampp\\htdocs\\kkzrt\\backend\\node_modules\\express\\lib\\router\\layer.js:95:5)\n    at next (C:\\xampp\\htdocs\\kkzrt\\backend\\node_modules\\express\\lib\\router\\route.js:149:13)\n    at requireApiKey (C:\\xampp\\htdocs\\kkzrt\\backend\\server.js:379:5)\n    at processTicksAndRejections (node:internal/process/task_queues:96:5)","timestamp":"2025-01-28T09:42:34.936Z"}
{"level":"error","message":"Database query error: The client is closed","stack":"Error: The client is closed\n    at Commander._RedisClient_sendCommand (C:\\xampp\\htdocs\\kkzrt\\backend\\node_modules\\@redis\\client\\dist\\lib\\client\\index.js:520:31)\n    at Commander.commandsExecutor (C:\\xampp\\htdocs\\kkzrt\\backend\\node_modules\\@redis\\client\\dist\\lib\\client\\index.js:190:154)\n    at Commander.BaseClass.<computed> [as get] (C:\\xampp\\htdocs\\kkzrt\\backend\\node_modules\\@redis\\client\\dist\\lib\\commander.js:8:29)\n    at C:\\xampp\\htdocs\\kkzrt\\backend\\server.js:562:52\n    at Layer.handle [as handle_request] (C:\\xampp\\htdocs\\kkzrt\\backend\\node_modules\\express\\lib\\router\\layer.js:95:5)\n    at next (C:\\xampp\\htdocs\\kkzrt\\backend\\node_modules\\express\\lib\\router\\route.js:149:13)\n    at requireApiKey (C:\\xampp\\htdocs\\kkzrt\\backend\\server.js:379:5)\n    at processTicksAndRejections (node:internal/process/task_queues:96:5)","timestamp":"2025-01-28T09:42:48.832Z"}
{"level":"error","message":"Database query error: The client is closed","stack":"Error: The client is closed\n    at Commander._RedisClient_sendCommand (C:\\xampp\\htdocs\\kkzrt\\backend\\node_modules\\@redis\\client\\dist\\lib\\client\\index.js:520:31)\n    at Commander.commandsExecutor (C:\\xampp\\htdocs\\kkzrt\\backend\\node_modules\\@redis\\client\\dist\\lib\\client\\index.js:190:154)\n    at Commander.BaseClass.<computed> [as get] (C:\\xampp\\htdocs\\kkzrt\\backend\\node_modules\\@redis\\client\\dist\\lib\\commander.js:8:29)\n    at C:\\xampp\\htdocs\\kkzrt\\backend\\server.js:562:52\n    at Layer.handle [as handle_request] (C:\\xampp\\htdocs\\kkzrt\\backend\\node_modules\\express\\lib\\router\\layer.js:95:5)\n    at next (C:\\xampp\\htdocs\\kkzrt\\backend\\node_modules\\express\\lib\\router\\route.js:149:13)\n    at requireApiKey (C:\\xampp\\htdocs\\kkzrt\\backend\\server.js:379:5)\n    at processTicksAndRejections (node:internal/process/task_queues:96:5)","timestamp":"2025-01-28T09:43:21.607Z"}
{"level":"error","message":"Database query error: The client is closed","stack":"Error: The client is closed\n    at Commander._RedisClient_sendCommand (C:\\xampp\\htdocs\\kkzrt\\backend\\node_modules\\@redis\\client\\dist\\lib\\client\\index.js:520:31)\n    at Commander.commandsExecutor (C:\\xampp\\htdocs\\kkzrt\\backend\\node_modules\\@redis\\client\\dist\\lib\\client\\index.js:190:154)\n    at Commander.BaseClass.<computed> [as get] (C:\\xampp\\htdocs\\kkzrt\\backend\\node_modules\\@redis\\client\\dist\\lib\\commander.js:8:29)\n    at C:\\xampp\\htdocs\\kkzrt\\backend\\server.js:562:52\n    at Layer.handle [as handle_request] (C:\\xampp\\htdocs\\kkzrt\\backend\\node_modules\\express\\lib\\router\\layer.js:95:5)\n    at next (C:\\xampp\\htdocs\\kkzrt\\backend\\node_modules\\express\\lib\\router\\route.js:149:13)\n    at requireApiKey (C:\\xampp\\htdocs\\kkzrt\\backend\\server.js:379:5)\n    at processTicksAndRejections (node:internal/process/task_queues:96:5)","timestamp":"2025-01-28T09:43:22.563Z"}
{"level":"error","message":"Database query error: The client is closed","stack":"Error: The client is closed\n    at Commander._RedisClient_sendCommand (C:\\xampp\\htdocs\\kkzrt\\backend\\node_modules\\@redis\\client\\dist\\lib\\client\\index.js:520:31)\n    at Commander.commandsExecutor (C:\\xampp\\htdocs\\kkzrt\\backend\\node_modules\\@redis\\client\\dist\\lib\\client\\index.js:190:154)\n    at Commander.BaseClass.<computed> [as get] (C:\\xampp\\htdocs\\kkzrt\\backend\\node_modules\\@redis\\client\\dist\\lib\\commander.js:8:29)\n    at C:\\xampp\\htdocs\\kkzrt\\backend\\server.js:562:52\n    at Layer.handle [as handle_request] (C:\\xampp\\htdocs\\kkzrt\\backend\\node_modules\\express\\lib\\router\\layer.js:95:5)\n    at next (C:\\xampp\\htdocs\\kkzrt\\backend\\node_modules\\express\\lib\\router\\route.js:149:13)\n    at requireApiKey (C:\\xampp\\htdocs\\kkzrt\\backend\\server.js:379:5)\n    at processTicksAndRejections (node:internal/process/task_queues:96:5)","timestamp":"2025-01-28T09:43:23.689Z"}
{"level":"info","message":"Server running on port 3000","timestamp":"2025-01-28T09:47:14.904Z"}
{"level":"info","message":"Environment:","timestamp":"2025-01-28T09:47:14.907Z"}
{"level":"info","message":"Server running on port 3000","timestamp":"2025-01-28T10:50:19.652Z"}
{"level":"info","message":"Environment:","timestamp":"2025-01-28T10:50:19.655Z"}
{"level":"info","message":"Table agency initialized successfully","timestamp":"2025-01-28T10:50:19.670Z"}
{"level":"info","message":"Table stop initialized successfully","timestamp":"2025-01-28T10:50:19.671Z"}
{"level":"info","message":"Table route initialized successfully","timestamp":"2025-01-28T10:50:19.671Z"}
{"level":"info","message":"Table trip initialized successfully","timestamp":"2025-01-28T10:50:19.672Z"}
{"level":"info","message":"Table stop_time initialized successfully","timestamp":"2025-01-28T10:50:19.673Z"}
{"level":"info","message":"All tables initialized successfully","timestamp":"2025-01-28T10:50:19.676Z"}
{"level":"error","message":"Database query error: The client is closed","stack":"Error: The client is closed\n    at Commander._RedisClient_sendCommand (C:\\xampp\\htdocs\\kkzrt\\backend\\node_modules\\@redis\\client\\dist\\lib\\client\\index.js:520:31)\n    at Commander.commandsExecutor (C:\\xampp\\htdocs\\kkzrt\\backend\\node_modules\\@redis\\client\\dist\\lib\\client\\index.js:190:154)\n    at Commander.BaseClass.<computed> [as get] (C:\\xampp\\htdocs\\kkzrt\\backend\\node_modules\\@redis\\client\\dist\\lib\\commander.js:8:29)\n    at C:\\xampp\\htdocs\\kkzrt\\backend\\server.js:562:52\n    at Layer.handle [as handle_request] (C:\\xampp\\htdocs\\kkzrt\\backend\\node_modules\\express\\lib\\router\\layer.js:95:5)\n    at next (C:\\xampp\\htdocs\\kkzrt\\backend\\node_modules\\express\\lib\\router\\route.js:149:13)\n    at requireApiKey (C:\\xampp\\htdocs\\kkzrt\\backend\\server.js:379:5)\n    at processTicksAndRejections (node:internal/process/task_queues:96:5)","timestamp":"2025-01-28T10:53:53.574Z"}
{"level":"error","message":"Database query error: The client is closed","stack":"Error: The client is closed\n    at Commander._RedisClient_sendCommand (C:\\xampp\\htdocs\\kkzrt\\backend\\node_modules\\@redis\\client\\dist\\lib\\client\\index.js:520:31)\n    at Commander.commandsExecutor (C:\\xampp\\htdocs\\kkzrt\\backend\\node_modules\\@redis\\client\\dist\\lib\\client\\index.js:190:154)\n    at Commander.BaseClass.<computed> [as get] (C:\\xampp\\htdocs\\kkzrt\\backend\\node_modules\\@redis\\client\\dist\\lib\\commander.js:8:29)\n    at C:\\xampp\\htdocs\\kkzrt\\backend\\server.js:562:52\n    at Layer.handle [as handle_request] (C:\\xampp\\htdocs\\kkzrt\\backend\\node_modules\\express\\lib\\router\\layer.js:95:5)\n    at next (C:\\xampp\\htdocs\\kkzrt\\backend\\node_modules\\express\\lib\\router\\route.js:149:13)\n    at requireApiKey (C:\\xampp\\htdocs\\kkzrt\\backend\\server.js:379:5)\n    at processTicksAndRejections (node:internal/process/task_queues:96:5)","timestamp":"2025-01-28T10:53:57.988Z"}
{"level":"error","message":"Database query error: The client is closed","stack":"Error: The client is closed\n    at Commander._RedisClient_sendCommand (C:\\xampp\\htdocs\\kkzrt\\backend\\node_modules\\@redis\\client\\dist\\lib\\client\\index.js:520:31)\n    at Commander.commandsExecutor (C:\\xampp\\htdocs\\kkzrt\\backend\\node_modules\\@redis\\client\\dist\\lib\\client\\index.js:190:154)\n    at Commander.BaseClass.<computed> [as get] (C:\\xampp\\htdocs\\kkzrt\\backend\\node_modules\\@redis\\client\\dist\\lib\\commander.js:8:29)\n    at C:\\xampp\\htdocs\\kkzrt\\backend\\server.js:562:52\n    at Layer.handle [as handle_request] (C:\\xampp\\htdocs\\kkzrt\\backend\\node_modules\\express\\lib\\router\\layer.js:95:5)\n    at next (C:\\xampp\\htdocs\\kkzrt\\backend\\node_modules\\express\\lib\\router\\route.js:149:13)\n    at requireApiKey (C:\\xampp\\htdocs\\kkzrt\\backend\\server.js:379:5)\n    at processTicksAndRejections (node:internal/process/task_queues:96:5)","timestamp":"2025-01-28T10:53:58.933Z"}
{"level":"error","message":"Database query error: The client is closed","stack":"Error: The client is closed\n    at Commander._RedisClient_sendCommand (C:\\xampp\\htdocs\\kkzrt\\backend\\node_modules\\@redis\\client\\dist\\lib\\client\\index.js:520:31)\n    at Commander.commandsExecutor (C:\\xampp\\htdocs\\kkzrt\\backend\\node_modules\\@redis\\client\\dist\\lib\\client\\index.js:190:154)\n    at Commander.BaseClass.<computed> [as get] (C:\\xampp\\htdocs\\kkzrt\\backend\\node_modules\\@redis\\client\\dist\\lib\\commander.js:8:29)\n    at C:\\xampp\\htdocs\\kkzrt\\backend\\server.js:562:52\n    at Layer.handle [as handle_request] (C:\\xampp\\htdocs\\kkzrt\\backend\\node_modules\\express\\lib\\router\\layer.js:95:5)\n    at next (C:\\xampp\\htdocs\\kkzrt\\backend\\node_modules\\express\\lib\\router\\route.js:149:13)\n    at requireApiKey (C:\\xampp\\htdocs\\kkzrt\\backend\\server.js:379:5)\n    at processTicksAndRejections (node:internal/process/task_queues:96:5)","timestamp":"2025-01-28T10:53:59.859Z"}
{"level":"error","message":"Database query error: The client is closed","stack":"Error: The client is closed\n    at Commander._RedisClient_sendCommand (C:\\xampp\\htdocs\\kkzrt\\backend\\node_modules\\@redis\\client\\dist\\lib\\client\\index.js:520:31)\n    at Commander.commandsExecutor (C:\\xampp\\htdocs\\kkzrt\\backend\\node_modules\\@redis\\client\\dist\\lib\\client\\index.js:190:154)\n    at Commander.BaseClass.<computed> [as get] (C:\\xampp\\htdocs\\kkzrt\\backend\\node_modules\\@redis\\client\\dist\\lib\\commander.js:8:29)\n    at C:\\xampp\\htdocs\\kkzrt\\backend\\server.js:562:52\n    at Layer.handle [as handle_request] (C:\\xampp\\htdocs\\kkzrt\\backend\\node_modules\\express\\lib\\router\\layer.js:95:5)\n    at next (C:\\xampp\\htdocs\\kkzrt\\backend\\node_modules\\express\\lib\\router\\route.js:149:13)\n    at requireApiKey (C:\\xampp\\htdocs\\kkzrt\\backend\\server.js:379:5)\n    at processTicksAndRejections (node:internal/process/task_queues:96:5)","timestamp":"2025-01-28T10:55:28.041Z"}
{"level":"error","message":"Database query error: The client is closed","stack":"Error: The client is closed\n    at Commander._RedisClient_sendCommand (C:\\xampp\\htdocs\\kkzrt\\backend\\node_modules\\@redis\\client\\dist\\lib\\client\\index.js:520:31)\n    at Commander.commandsExecutor (C:\\xampp\\htdocs\\kkzrt\\backend\\node_modules\\@redis\\client\\dist\\lib\\client\\index.js:190:154)\n    at Commander.BaseClass.<computed> [as get] (C:\\xampp\\htdocs\\kkzrt\\backend\\node_modules\\@redis\\client\\dist\\lib\\commander.js:8:29)\n    at C:\\xampp\\htdocs\\kkzrt\\backend\\server.js:562:52\n    at Layer.handle [as handle_request] (C:\\xampp\\htdocs\\kkzrt\\backend\\node_modules\\express\\lib\\router\\layer.js:95:5)\n    at next (C:\\xampp\\htdocs\\kkzrt\\backend\\node_modules\\express\\lib\\router\\route.js:149:13)\n    at requireApiKey (C:\\xampp\\htdocs\\kkzrt\\backend\\server.js:379:5)\n    at processTicksAndRejections (node:internal/process/task_queues:96:5)","timestamp":"2025-01-28T10:55:44.338Z"}
